<?xml version='1.0' encoding='utf-8'?>
<testsuite name="service-csrf" tests="15" failures="0" skipped="0"><testcase name="CP6.Tests.Sys.SecurityMiddlewareTests.Csrf_safe_method_passes_without_token" /><testcase name="CP6.Tests.Sys.SecurityMiddlewareTests.Csrf_login_endpoint_is_exempt" /><testcase name="CP6.Tests.Sys.SecurityMiddlewareTests.Csrf_service_revocation_exemption_is_exact(path: &quot;/connect/service-revocations&quot;, expected: True)" /><testcase name="CP6.Tests.Sys.SecurityMiddlewareTests.Csrf_unsafe_method_without_token_is_rejected" /><testcase name="CP6.Tests.Sys.SecurityMiddlewareTests.Csrf_explicit_bearer_write_passes_without_cookie_token" /><testcase name="CP6.Tests.Sys.SecurityMiddlewareTests.Csrf_cookie_write_on_native_business_route_still_requires_token" /><testcase name="CP6.Tests.Sys.SecurityMiddlewareTests.Csrf_disabled_passes_unsafe_without_token" /><testcase name="CP6.Tests.Sys.SecurityMiddlewareTests.Csrf_refresh_endpoint_is_NOT_exempt" /><testcase name="CP6.Tests.Sys.SecurityMiddlewareTests.Csrf_service_revocation_exemption_is_exact(path: &quot;/connect/service-revocations/extra&quot;, expected: False)" /><testcase name="CP6.Tests.Sys.SecurityMiddlewareTests.Csrf_mismatched_token_is_rejected" /><testcase name="CP6.Tests.Sys.SecurityMiddlewareTests.Csrf_service_revocation_exemption_is_exact(path: &quot;/connect/service-revocations-other&quot;, expected: False)" /><testcase name="CP6.Tests.Sys.SecurityMiddlewareTests.Csrf_matching_cookie_and_header_passes" /><testcase name="CP6.Tests.Sys.SecurityMiddlewareTests.Csrf_service_revocation_exemption_is_exact(path: &quot;/connect&quot;, expected: False)" /><testcase name="CP6.Tests.Sys.SecurityMiddlewareTests.Csrf_service_revocation_exemption_is_exact(path: &quot;/CONNECT/SERVICE-REVOCATIONS&quot;, expected: True)" /><testcase name="CP6.Tests.Sys.SecurityMiddlewareTests.Csrf_login_prefix_lookalike_is_NOT_exempt" /></testsuite>