<?xml version='1.0' encoding='utf-8'?>
<testsuite name="c02-configuration" tests="7" failures="0" skipped="0"><testcase name="CP6.Tests.CrmIdentityConfigurationTests.Empty_enabled_map_fails_but_disabled_feature_preserves_existing_startup" /><testcase name="CP6.Tests.CrmIdentityConfigurationTests.Invalid_tenant_entries_are_rejected_at_configuration_boundary(tenant: &quot;11111111111141118111111111111111&quot;, region: &quot;us&quot;)" /><testcase name="CP6.Tests.CrmIdentityConfigurationTests.Invalid_tenant_entries_are_rejected_at_configuration_boundary(tenant: &quot;not-a-tenant&quot;, region: &quot;us&quot;)" /><testcase name="CP6.Tests.CrmIdentityConfigurationTests.Later_provider_overrides_region_without_losing_other_tenants" /><testcase name="CP6.Tests.CrmIdentityConfigurationTests.Invalid_tenant_entries_are_rejected_at_configuration_boundary(tenant: &quot;11111111-1111-4111-8111-111111111111&quot;, region: &quot;&quot;)" /><testcase name="CP6.Tests.CrmIdentityConfigurationTests.Invalid_tenant_entries_are_rejected_at_configuration_boundary(tenant: &quot;00000000-0000-0000-0000-000000000000&quot;, region: &quot;us&quot;)" /><testcase name="CP6.Tests.CrmIdentityConfigurationTests.Actual_registration_preserves_both_configured_tenants_and_reader_mapping" /></testsuite>