<?xml version='1.0' encoding='utf-8'?>
<testsuite name="c02-user-update" tests="5" failures="0" skipped="0"><testcase name="CP6.Tests.Sys.UserControllerPasswordTests.Add_hashes_password_and_forces_first_login_change" /><testcase name="CP6.Tests.Sys.UserControllerPasswordTests.Update_without_password_keeps_hash_and_does_not_force_change(password: null)" /><testcase name="CP6.Tests.Sys.UserControllerPasswordTests.Update_retains_name_and_length_validation_while_create_requires_password" /><testcase name="CP6.Tests.Sys.UserControllerPasswordTests.Update_without_password_keeps_hash_and_does_not_force_change(password: &quot;&quot;)" /><testcase name="CP6.Tests.Sys.UserControllerPasswordTests.Update_with_password_hashes_forces_change_and_revokes_refresh" /></testsuite>